── Attaching core tidyverse packages ──────────────────────── tidyverse 2.0.0 ──
✔ dplyr     1.1.4     ✔ readr     2.1.5
✔ forcats   1.0.0     ✔ stringr   1.5.1
✔ ggplot2   3.5.1     ✔ tibble    3.2.1
✔ lubridate 1.9.4     ✔ tidyr     1.3.1
✔ purrr     1.0.2     
── Conflicts ────────────────────────────────────────── tidyverse_conflicts() ──
✖ dplyr::filter() masks stats::filter()
✖ dplyr::lag()    masks stats::lag()
ℹ Use the conflicted package (<http://conflicted.r-lib.org/>) to force all conflicts to become errors
Warning messages:
1: package 'tidyverse' was built under R version 4.2.3 
2: package 'ggplot2' was built under R version 4.2.3 
3: package 'tibble' was built under R version 4.2.3 
4: package 'tidyr' was built under R version 4.2.3 
5: package 'readr' was built under R version 4.2.3 
6: package 'purrr' was built under R version 4.2.3 
7: package 'dplyr' was built under R version 4.2.3 
8: package 'stringr' was built under R version 4.2.3 
9: package 'forcats' was built under R version 4.2.3 
New names:
• `` -> `...14`
• `` -> `...15`
• `` -> `...16`
Rows: 72 Columns: 16
── Column specification ────────────────────────────────────────────────────────
Delimiter: "\t"
chr  (6): sampleid, AZMP_code, Cruise_code, Station, Season, Size Fraction
dbl  (5): Year, Latitude, Longitude, Depth, Volume_SW
lgl  (3): ...14, ...15, ...16
date (1): Date
time (1): Time

ℹ Use `spec()` to retrieve the full column specification for this data.
ℹ Specify the column types or set `show_col_types = FALSE` to quiet this message.
